<?xml version="1.0" encoding="utf-8"?><testsuites name="pytest tests"><testsuite name="pytest" errors="0" failures="0" skipped="0" tests="15" time="2.115" timestamp="2026-06-24T15:13:51.482038+00:00" hostname="agent-env-2a4627d7-bc50-4e23-8b5a-dbd6b1b95c0b"><testcase classname="backend.tests.test_player_api" name="test_root_ok" time="0.287" /><testcase classname="backend.tests.test_player_api" name="test_create_player_valid_aptitudes[guardian-novice_guardian]" time="0.061" /><testcase classname="backend.tests.test_player_api" name="test_create_player_valid_aptitudes[sage-apprentice_seer]" time="0.052" /><testcase classname="backend.tests.test_player_api" name="test_create_player_valid_aptitudes[warden-junior_warden]" time="0.051" /><testcase classname="backend.tests.test_player_api" name="test_create_player_valid_aptitudes[weaver-data_acolyte]" time="0.051" /><testcase classname="backend.tests.test_player_api" name="test_create_player_invalid_aptitude" time="0.047" /><testcase classname="backend.tests.test_player_api" name="test_create_player_name_handling" time="0.051" /><testcase classname="backend.tests.test_player_api" name="test_get_player_persisted" time="0.107" /><testcase classname="backend.tests.test_player_api" name="test_get_player_404" time="0.049" /><testcase classname="backend.tests.test_player_api" name="test_update_player_partial" time="0.152" /><testcase classname="backend.tests.test_player_api" name="test_update_player_404" time="0.055" /><testcase classname="backend.tests.test_player_api" name="test_create_player_with_new_fields" time="0.102" /><testcase classname="backend.tests.test_player_api" name="test_create_player_defaults_codex_depth_simple" time="0.051" /><testcase classname="backend.tests.test_player_api" name="test_update_failure_counts" time="0.204" /><testcase classname="backend.tests.test_player_api" name="test_delete_player_roundtrip" time="0.705" /></testsuite></testsuites>