<?xml version="1.0" encoding="utf-8"?><testsuites name="pytest tests"><testsuite name="pytest" errors="0" failures="0" skipped="0" tests="11" time="1.319" timestamp="2026-06-24T14:52:43.720013+00:00" hostname="agent-env-2a4627d7-bc50-4e23-8b5a-dbd6b1b95c0b"><testcase classname="backend.tests.test_player_api" name="test_root_ok" time="0.235" /><testcase classname="backend.tests.test_player_api" name="test_create_player_valid_aptitudes[guardian-novice_guardian]" time="0.046" /><testcase classname="backend.tests.test_player_api" name="test_create_player_valid_aptitudes[sage-apprentice_seer]" time="0.051" /><testcase classname="backend.tests.test_player_api" name="test_create_player_valid_aptitudes[warden-junior_warden]" time="0.046" /><testcase classname="backend.tests.test_player_api" name="test_create_player_valid_aptitudes[weaver-data_acolyte]" time="0.044" /><testcase classname="backend.tests.test_player_api" name="test_create_player_invalid_aptitude" time="0.047" /><testcase classname="backend.tests.test_player_api" name="test_create_player_name_handling" time="0.046" /><testcase classname="backend.tests.test_player_api" name="test_get_player_persisted" time="0.085" /><testcase classname="backend.tests.test_player_api" name="test_get_player_404" time="0.050" /><testcase classname="backend.tests.test_player_api" name="test_update_player_partial" time="0.134" /><testcase classname="backend.tests.test_player_api" name="test_update_player_404" time="0.464" /></testsuite></testsuites>