<?xml version="1.0" encoding="utf-8"?><testsuites name="pytest tests"><testsuite name="pytest" errors="0" failures="0" skipped="0" tests="31" time="4.997" timestamp="2026-06-27T03:13:21.492192+00:00" hostname="agent-env-2a4627d7-bc50-4e23-8b5a-dbd6b1b95c0b"><testcase classname="tests.test_iteration3_fields" name="test_create_player_starter_inventory_and_shards" time="0.296" /><testcase classname="tests.test_iteration3_fields" name="test_starter_inventory_for_all_aptitudes" time="0.181" /><testcase classname="tests.test_iteration3_fields" name="test_update_inventory_and_persistence" time="0.135" /><testcase classname="tests.test_iteration3_fields" name="test_update_codex_shards" time="0.135" /><testcase classname="tests.test_iteration3_fields" name="test_update_active_team_max3" time="0.135" /><testcase classname="tests.test_iteration3_fields" name="test_update_summon_history" time="0.635" /><testcase classname="tests.test_iteration6_clinical_fields" name="test_create_player_with_learning_profile[nonmedical]" time="0.151" /><testcase classname="tests.test_iteration6_clinical_fields" name="test_create_player_with_learning_profile[preNursing]" time="0.091" /><testcase classname="tests.test_iteration6_clinical_fields" name="test_create_player_with_learning_profile[nursingStudent]" time="0.088" /><testcase classname="tests.test_iteration6_clinical_fields" name="test_create_player_with_learning_profile[nclexPrep]" time="0.091" /><testcase classname="tests.test_iteration6_clinical_fields" name="test_create_player_with_learning_profile[healthcareProfessional]" time="0.113" /><testcase classname="tests.test_iteration6_clinical_fields" name="test_create_player_without_new_fields_defaults" time="0.046" /><testcase classname="tests.test_iteration6_clinical_fields" name="test_update_enemy_mastery" time="0.133" /><testcase classname="tests.test_iteration6_clinical_fields" name="test_update_chapter_progress" time="0.133" /><testcase classname="tests.test_iteration6_clinical_fields" name="test_update_learning_profile" time="0.089" /><testcase classname="tests.test_iteration6_clinical_fields" name="test_get_legacy_player_without_new_fields" time="0.677" /><testcase classname="tests.test_player_api" name="test_root_ok" time="0.133" /><testcase classname="tests.test_player_api" name="test_create_player_valid_aptitudes[guardian-novice_guardian]" time="0.049" /><testcase classname="tests.test_player_api" name="test_create_player_valid_aptitudes[sage-apprentice_seer]" time="0.043" /><testcase classname="tests.test_player_api" name="test_create_player_valid_aptitudes[warden-junior_warden]" time="0.044" /><testcase classname="tests.test_player_api" name="test_create_player_valid_aptitudes[weaver-data_acolyte]" time="0.044" /><testcase classname="tests.test_player_api" name="test_create_player_invalid_aptitude" time="0.043" /><testcase classname="tests.test_player_api" name="test_create_player_name_handling" time="0.043" /><testcase classname="tests.test_player_api" name="test_get_player_persisted" time="0.088" /><testcase classname="tests.test_player_api" name="test_get_player_404" time="0.045" /><testcase classname="tests.test_player_api" name="test_update_player_partial" time="0.172" /><testcase classname="tests.test_player_api" name="test_update_player_404" time="0.044" /><testcase classname="tests.test_player_api" name="test_create_player_with_new_fields" time="0.129" /><testcase classname="tests.test_player_api" name="test_create_player_defaults_codex_depth_simple" time="0.043" /><testcase classname="tests.test_player_api" name="test_update_failure_counts" time="0.181" /><testcase classname="tests.test_player_api" name="test_delete_player_roundtrip" time="0.635" /></testsuite></testsuites>